0 info it worked if it ends with ok
1 verbose cli [ 'D:\\Programmes\\NodeJS\\node.exe',
1 verbose cli   'D:\\Programmes\\NodeJS\\node_modules\\npm\\bin\\npm-cli.js',
1 verbose cli   'run',
1 verbose cli   'format' ]
2 info using npm@3.10.8
3 info using node@v6.9.1
4 verbose run-script [ 'preformat', 'format', 'postformat' ]
5 info lifecycle fenryl-website@~preformat: fenryl-website@
6 silly lifecycle fenryl-website@~preformat: no script for preformat, continuing
7 info lifecycle fenryl-website@~format: fenryl-website@
8 verbose lifecycle fenryl-website@~format: unsafe-perm in lifecycle true
9 verbose lifecycle fenryl-website@~format: PATH: D:\Programmes\NodeJS\node_modules\npm\bin\node-gyp-bin;D:\Documents\my-website\node_modules\.bin;C:\Users\Bastien\bin;D:\Programmes\Git\mingw64\bin;D:\Programmes\Git\usr\local\bin;D:\Programmes\Git\usr\bin;D:\Programmes\Git\usr\bin;D:\Programmes\Git\mingw64\bin;D:\Programmes\Git\usr\bin;C:\Users\Bastien\bin;C:\ProgramData\Oracle\Java\javapath;C:\Program Files (x86)\Intel\iCLS Client;C:\Program Files\Intel\iCLS Client;C:\Windows\system32;C:\Windows;C:\Windows\System32\Wbem;C:\Windows\System32\WindowsPowerShell\v1.0;C:\Program Files\Intel\Intel(R) Management Engine Components\DAL;C:\Program Files\Intel\Intel(R) Management Engine Components\IPT;C:\Program Files (x86)\Intel\Intel(R) Management Engine Components\DAL;C:\Program Files (x86)\Intel\Intel(R) Management Engine Components\IPT;D:\Programmes\QuickTime\QTSystem;C:\Program Files (x86)\NVIDIA Corporation\PhysX\Common;D:\Programmes\Skype\Phone;D:\Programmes\Git\cmd;D:\Programmes\NodeJS;C:\ProgramData\chocolatey\bin;C:\Users\Bastien\AppData\Local\atom\bin;D:\Programmes\Microsoft VS Code\bin;C:\Users\Bastien\AppData\Roaming\npm;D:\Programmes\Git\usr\bin\vendor_perl;D:\Programmes\Git\usr\bin\core_perl
10 verbose lifecycle fenryl-website@~format: CWD: D:\Documents\my-website
11 silly lifecycle fenryl-website@~format: Args: [ '/d /s /c', 'standard --fix' ]
12 silly lifecycle fenryl-website@~format: Returned: code: 1  signal: null
13 info lifecycle fenryl-website@~format: Failed to exec format script
14 verbose stack Error: fenryl-website@ format: `standard --fix`
14 verbose stack Exit status 1
14 verbose stack     at EventEmitter.<anonymous> (D:\Programmes\NodeJS\node_modules\npm\lib\utils\lifecycle.js:255:16)
14 verbose stack     at emitTwo (events.js:106:13)
14 verbose stack     at EventEmitter.emit (events.js:191:7)
14 verbose stack     at ChildProcess.<anonymous> (D:\Programmes\NodeJS\node_modules\npm\lib\utils\spawn.js:40:14)
14 verbose stack     at emitTwo (events.js:106:13)
14 verbose stack     at ChildProcess.emit (events.js:191:7)
14 verbose stack     at maybeClose (internal/child_process.js:877:16)
14 verbose stack     at Process.ChildProcess._handle.onexit (internal/child_process.js:226:5)
15 verbose pkgid fenryl-website@
16 verbose cwd D:\Documents\my-website
17 error Windows_NT 6.3.9600
18 error argv "D:\\Programmes\\NodeJS\\node.exe" "D:\\Programmes\\NodeJS\\node_modules\\npm\\bin\\npm-cli.js" "run" "format"
19 error node v6.9.1
20 error npm  v3.10.8
21 error code ELIFECYCLE
22 error fenryl-website@ format: `standard --fix`
22 error Exit status 1
23 error Failed at the fenryl-website@ format script 'standard --fix'.
23 error Make sure you have the latest version of node.js and npm installed.
23 error If you do, this is most likely a problem with the fenryl-website package,
23 error not with npm itself.
23 error Tell the author that this fails on your system:
23 error     standard --fix
23 error You can get information on how to open an issue for this project with:
23 error     npm bugs fenryl-website
23 error Or if that isn't available, you can get their info via:
23 error     npm owner ls fenryl-website
23 error There is likely additional logging output above.
24 verbose exit [ 1, true ]
